<?xml version="1.0" encoding="UTF-8" ?>
<testsuite errors="0" failures="0" hostname="li10-7" name="tdp024.account.rest.service.AccountServiceTest" skipped="0" tests="1" time="0.079" timestamp="2015-10-14T18:40:40">
  <properties>
    <property name="libs.jsp-compiler.javadoc" value="" />
    <property name="netbeans.autoupdate.country" value="SE" />
    <property name="nb.wait.for.caches" value="true" />
    <property name="javac.test.classpath" value="../lib/derby.jar:../lib/eclipselink-2.3.0.jar:../lib/jackson-annotations-2.2.2.jar:../lib/jackson-core-2.2.2.jar:../lib/jackson-databind-2.2.1.jar:../lib/javax.persistence-2.0.jar:../lib/junit-4.10.jar:../lib/jersey/asm-3.1.jar:../lib/jersey/jackson-core-asl-1.7.1.jar:../lib/jersey/jackson-jaxrs-1.7.1.jar:../lib/jersey/jackson-mapper-asl-1.7.1.jar:../lib/jersey/jackson-xc-1.7.1.jar:../lib/jersey/jersey-apache-client-1.8.jar:../lib/jersey/jersey-atom-abdera-1.8.jar:../lib/jersey/jersey-client-1.8.jar:../lib/jersey/jersey-core-1.8.jar:../lib/jersey/jersey-guice-1.8.jar:../lib/jersey/jersey-json-1.8.jar:../lib/jersey/jersey-multipart-1.8.jar:../lib/jersey/jersey-server-1.8.jar:../lib/jersey/jersey-simple-server-1.8.jar:../lib/jersey/jersey-spring-1.8.jar:../lib/jersey/jettison-1.1.jar:../lib/jersey/jsr311-api-1.1.1.jar:../lib/jersey/oauth-client-1.8.jar:../lib/jersey/oauth-server-1.8.jar:../lib/jersey/oauth-signature-1.8.jar:../account-data-api/dist/account-data-api.jar:../account-data-impl-db/dist/account-data-impl-db.jar:../account-logic-api/dist/account-logic-api.jar:../account-logic-impl/dist/account-logic-impl.jar:../account-util/dist/account-util.jar:../lib/org.eclipse.persistence.jpa.jpql_1.0.0.jar:../lib/jaxb/activation.jar:../lib/jaxb/jaxb-api.jar:../lib/jaxb/jsr173_api.jar:../lib/genson-1.3.jar:build/web/WEB-INF/classes" />
    <property name="file.reference.oauth-server-1.8.jar" value="../lib/jersey/oauth-server-1.8.jar" />
    <property name="libs.jsf20.maven-pom" value="" />
    <property name="j2ee.copy.static.files.on.save" value="true" />
    <property name="source.root" value="src" />
    <property name="libs.junit.javadoc" value="/home/TDP024/netbeans-8.0.1/java/docs/junit-3.8.2-api.zip" />
    <property name="libs.spring-webmvc4.0.src" value="" />
    <property name="ant.core.lib" value="/home/TDP024/netbeans-8.0.1/extide/ant/lib/ant.jar" />
    <property name="javadoc.windowtitle" value="" />
    <property name="libs.jsp-compilation.javadoc" value="" />
    <property name="user.dir" value="/home/marsj725/TDP024/EnterpriseSystems/account-rest" />
    <property name="libs.javaee-api-7.0.src" value="" />
    <property name="java.vm.version" value="24.75-b04" />
    <property name="libs.MySQLDriver.classpath" value="/home/TDP024/netbeans-8.0.1/ide/modules/ext/mysql-connector-java-5.1.23-bin.jar" />
    <property name="libs.eclipselinkmodelgen.src" value="" />
    <property name="javadoc.notree" value="false" />
    <property name="lib.dir" value="web/WEB-INF/lib" />
    <property name="netbeans.autoupdate.version" value="1.23" />
    <property name="libs.EclipseLink-GlassFish-v3.classpath" value="/home/TDP024/glassfish-3.1.1/glassfish/modules/org.eclipse.persistence.antlr.jar:/home/TDP024/glassfish-3.1.1/glassfish/modules/org.eclipse.persistence.asm.jar:/home/TDP024/glassfish-3.1.1/glassfish/modules/org.eclipse.persistence.core.jar:/home/TDP024/glassfish-3.1.1/glassfish/modules/org.eclipse.persistence.jpa.jar:/home/TDP024/glassfish-3.1.1/glassfish/modules/org.eclipse.persistence.jpa.modelgen.jar:/home/TDP024/glassfish-3.1.1/glassfish/modules/org.eclipse.persistence.oracle.jar:/home/TDP024/glassfish-3.1.1/glassfish/modules/javax.persistence.jar" />
    <property name="libs.javaee-web-api-6.0.classpath" value="/home/TDP024/netbeans-8.0.1/enterprise/modules/ext/javaee-web-api-6.0.jar" />
    <property name="libs.Java-EE-GlassFish-v3-Prelude.javadoc" value="/home/TDP024/netbeans-8.0.1/enterprise/docs/javaee-doc-api.jar" />
    <property name="jdk.home" value="/sw/jdk7" />
    <property name="file.reference.jersey-atom-abdera-1.8.jar" value="../lib/jersey/jersey-atom-abdera-1.8.jar" />
    <property name="libs.javac-api.src" value="" />
    <property name="javadoc.noindex" value="false" />
    <property name="libs.jpa2-persistence.classpath" value="/home/TDP024/netbeans-8.0.1/java/modules/ext/hibernate4/hibernate-jpa-2.1-api-1.0.0.Final.jar" />
    <property name="sun.os.patch.level" value="unknown" />
    <property name="ant.file.type.account-rest" value="file" />
    <property name="libs.Java-EE-GlassFish-v3-Prelude.src" value="" />
    <property name="do.tmp.war.package" value="true" />
    <property name="java.vm.specification.name" value="Java Virtual Machine Specification" />
    <property name="reference.account-data-api.jar" value="../account-data-api/dist/account-data-api.jar" />
    <property name="nb.show.statistics.ui" value="usageStatisticsEnabled" />
    <property name="netbeans.autoupdate.variant" value="" />
    <property name="have.tests" value="true" />
    <property name="org.xml.sax.driver" value="com.sun.org.apache.xerces.internal.jaxp.SAXParserImpl$JAXPSAXParser" />
    <property name="j2ee.server.instance" value="[/home/TDP024/glassfish-3.1.1/glassfish:/home/marsj725/personal_domain]deployer:gfv3ee6wc:localhost:4848" />
    <property name="libs.javac-api.javadoc" value="" />
    <property name="os.name" value="Linux" />
    <property name="libs.beans-binding.classpath" value="/home/TDP024/netbeans-8.0.1/java/modules/ext/beansbinding-1.2.1.jar" />
    <property name="libs.javaee-endorsed-api-7.0.maven-pom" value="" />
    <property name="ap.proc.none.internal" value="" />
    <property name="libs.restapi.javadoc" value="" />
    <property name="libs.JWSAntTasks.maven-pom" value="" />
    <property name="libs.jstl.classpath" value="/home/TDP024/netbeans-8.0.1/enterprise/modules/ext/jstl-impl.jar:/home/TDP024/netbeans-8.0.1/enterprise/modules/ext/jstl-api.jar" />
    <property name="libs.testng.src" value="" />
    <property name="nu.validator.spec.alt-advice" value="jar:file:/home/TDP024/netbeans-8.0.1/ide/modules/ext/validator.jar!/nu/validator/localentities/files/wiki_whatwg_org_wiki_Validator_nu_alt_advice" />
    <property name="libs.spring-webmvc3.0.src" value="" />
    <property name="libs.restapi.classpath" value="/home/TDP024/netbeans-8.0.1/enterprise/modules/ext/jaxrs-2.0/javax.ws.rs-api-2.0.jar" />
    <property name="runmain.jvmargs" value="" />
    <property name="java.vendor.url.bug" value="http://bugreport.sun.com/bugreport/" />
    <property name="libs.jaxb.maven-pom" value="" />
    <property name="os.arch" value="amd64" />
    <property name="libs.eclipselink.src" value="" />
    <property name="user.name" value="marsj725" />
    <property name="j2ee.compile.on.save" value="true" />
    <property name="libs.jsf12.javadoc" value="/home/TDP024/netbeans-8.0.1/enterprise/docs/javaee-doc-api.jar" />
    <property name="libs.Comet-GlassFish-v3.javadoc" value="" />
    <property name="libs.spring-webmvc3.0.maven-pom" value="" />
    <property name="libs.swing-layout.maven-pom" value="" />
    <property name="sun.java.command" value="org.apache.tools.ant.taskdefs.optional.junit.JUnitTestRunner tdp024.account.rest.service.AccountServiceTest skipNonTests=false filtertrace=true haltOnError=false haltOnFailure=false showoutput=true outputtoformatters=true logfailedtests=true threadid=0 logtestlistenerevents=true formatter=org.apache.tools.ant.taskdefs.optional.junit.BriefJUnitResultFormatter formatter=org.apache.tools.ant.taskdefs.optional.junit.XMLJUnitResultFormatter,/home/marsj725/TDP024/EnterpriseSystems/account-rest/build/test/results/TEST-tdp024.account.rest.service.AccountServiceTest.xml crashfile=/home/marsj725/TDP024/EnterpriseSystems/account-rest/build/junitvmwatcher821301101840302109.properties propsfile=/home/marsj725/TDP024/EnterpriseSystems/account-rest/build/junit7729747193358215384.properties" />
    <property name="build.classes.dir" value="build/web/WEB-INF/classes" />
    <property name="netbeans.accept_license_class" value="org.netbeans.license.AcceptLicense" />
    <property name="ap.supported.internal" value="true" />
    <property name="libs.javaee-endorsed-api-7.0.javadoc" value="/home/TDP024/netbeans-8.0.1/enterprise/docs/javaee-doc-api.jar" />
    <property name="libs.jaxws21.javadoc" value="/home/TDP024/netbeans-8.0.1/java/docs/jaxws-api-doc.zip" />
    <property name="libs.spring-webmvc4.0.javadoc" value="" />
    <property name="build.web.excludes" value="**/*.java,**/*.form" />
    <property name="includes" value="**" />
    <property name="reference.account-logic-api.jar" value="../account-logic-api/dist/account-logic-api.jar" />
    <property name="j2ee.platform.wsimport.classpath" value="/home/TDP024/glassfish-3.1.1/glassfish/modules/webservices-osgi.jar:/home/TDP024/glassfish-3.1.1/glassfish/modules/endorsed/webservices-api-osgi.jar:/home/TDP024/glassfish-3.1.1/glassfish/modules/jaxb-osgi.jar:/home/TDP024/glassfish-3.1.1/glassfish/modules/endorsed/jaxb-api-osgi.jar:/home/TDP024/glassfish-3.1.1/glassfish/modules/javax.ejb.jar" />
    <property name="browser.context" value="/home/marsj725/TDP024/EnterpriseSystems/account-rest" />
    <property name="user.country" value="SE" />
    <property name="javadoc.encoding" value="UTF-8" />
    <property name="javac.classpath" value="../lib/derby.jar:../lib/eclipselink-2.3.0.jar:../lib/jackson-annotations-2.2.2.jar:../lib/jackson-core-2.2.2.jar:../lib/jackson-databind-2.2.1.jar:../lib/javax.persistence-2.0.jar:../lib/junit-4.10.jar:../lib/jersey/asm-3.1.jar:../lib/jersey/jackson-core-asl-1.7.1.jar:../lib/jersey/jackson-jaxrs-1.7.1.jar:../lib/jersey/jackson-mapper-asl-1.7.1.jar:../lib/jersey/jackson-xc-1.7.1.jar:../lib/jersey/jersey-apache-client-1.8.jar:../lib/jersey/jersey-atom-abdera-1.8.jar:../lib/jersey/jersey-client-1.8.jar:../lib/jersey/jersey-core-1.8.jar:../lib/jersey/jersey-guice-1.8.jar:../lib/jersey/jersey-json-1.8.jar:../lib/jersey/jersey-multipart-1.8.jar:../lib/jersey/jersey-server-1.8.jar:../lib/jersey/jersey-simple-server-1.8.jar:../lib/jersey/jersey-spring-1.8.jar:../lib/jersey/jettison-1.1.jar:../lib/jersey/jsr311-api-1.1.1.jar:../lib/jersey/oauth-client-1.8.jar:../lib/jersey/oauth-server-1.8.jar:../lib/jersey/oauth-signature-1.8.jar:../account-data-api/dist/account-data-api.jar:../account-data-impl-db/dist/account-data-impl-db.jar:../account-logic-api/dist/account-logic-api.jar:../account-logic-impl/dist/account-logic-impl.jar:../account-util/dist/account-util.jar:../lib/org.eclipse.persistence.jpa.jpql_1.0.0.jar:../lib/jaxb/activation.jar:../lib/jaxb/jaxb-api.jar:../lib/jaxb/jsr173_api.jar:../lib/genson-1.3.jar" />
    <property name="libs.jsp-compilation-syscp.src" value="" />
    <property name="libs.JAVADB_DRIVER_LABEL.src" value="" />
    <property name="libs.spring-framework400.classpath" value="/home/TDP024/netbeans-8.0.1/ide/modules/org-apache-commons-logging.jar:/home/TDP024/netbeans-8.0.1/java/modules/ext/cglib-2.2.jar:/home/TDP024/netbeans-8.0.1/java/modules/ext/spring-4/spring-aop-4.0.1.RELEASE.jar:/home/TDP024/netbeans-8.0.1/java/modules/ext/spring-4/spring-aspects-4.0.1.RELEASE.jar:/home/TDP024/netbeans-8.0.1/java/modules/ext/spring-4/spring-beans-4.0.1.RELEASE.jar:/home/TDP024/netbeans-8.0.1/java/modules/ext/spring-4/spring-build-src-4.0.1.RELEASE.jar:/home/TDP024/netbeans-8.0.1/java/modules/ext/spring-4/spring-context-4.0.1.RELEASE.jar:/home/TDP024/netbeans-8.0.1/java/modules/ext/spring-4/spring-context-support-4.0.1.RELEASE.jar:/home/TDP024/netbeans-8.0.1/java/modules/ext/spring-4/spring-core-4.0.1.RELEASE.jar:/home/TDP024/netbeans-8.0.1/java/modules/ext/spring-4/spring-expression-4.0.1.RELEASE.jar:/home/TDP024/netbeans-8.0.1/java/modules/ext/spring-4/spring-framework-bom-4.0.1.RELEASE.jar:/home/TDP024/netbeans-8.0.1/java/modules/ext/spring-4/spring-instrument-4.0.1.RELEASE.jar:/home/TDP024/netbeans-8.0.1/java/modules/ext/spring-4/spring-instrument-tomcat-4.0.1.RELEASE.jar:/home/TDP024/netbeans-8.0.1/java/modules/ext/spring-4/spring-jdbc-4.0.1.RELEASE.jar:/home/TDP024/netbeans-8.0.1/java/modules/ext/spring-4/spring-jms-4.0.1.RELEASE.jar:/home/TDP024/netbeans-8.0.1/java/modules/ext/spring-4/spring-messaging-4.0.1.RELEASE.jar:/home/TDP024/netbeans-8.0.1/java/modules/ext/spring-4/spring-orm-4.0.1.RELEASE.jar:/home/TDP024/netbeans-8.0.1/java/modules/ext/spring-4/spring-oxm-4.0.1.RELEASE.jar:/home/TDP024/netbeans-8.0.1/java/modules/ext/spring-4/spring-test-4.0.1.RELEASE.jar:/home/TDP024/netbeans-8.0.1/java/modules/ext/spring-4/spring-tx-4.0.1.RELEASE.jar:/home/TDP024/netbeans-8.0.1/java/modules/ext/spring-4/spring-web-4.0.1.RELEASE.jar:/home/TDP024/netbeans-8.0.1/java/modules/ext/spring-4/spring-webmvc-4.0.1.RELEASE.jar:/home/TDP024/netbeans-8.0.1/java/modules/ext/spring-4/spring-webmvc-portlet-4.0.1.RELEASE.jar:/home/TDP024/netbeans-8.0.1/java/modules/ext/spring-4/spring-websocket-4.0.1.RELEASE.jar" />
    <property name="do.debug.server" value="true" />
    <property name="file.reference.jaxb-api.jar" value="../lib/jaxb/jaxb-api.jar" />
    <property name="debug-transport" value="dt_socket" />
    <property name="netbeans.home" value="/home/TDP024/netbeans-8.0.1/platform" />
    <property name="build.compiler.emacs" value="true" />
    <property name="libs.javaee-web-api-6.0.src" value="" />
    <property name="libs.jsp-compilation-syscp.classpath" value="/home/TDP024/netbeans-8.0.1/extide/ant/lib/ant.jar:/home/TDP024/netbeans-8.0.1/enterprise/modules/ext/servlet3.1-jsp2.3-api.jar:/home/TDP024/netbeans-8.0.1/enterprise/modules/ext/glassfish-jspparser-4.0.jar:/home/TDP024/netbeans-8.0.1/enterprise/modules/ext/jstl-impl.jar:/home/TDP024/netbeans-8.0.1/enterprise/modules/ext/jsf-2_2/javax.faces.jar" />
    <property name="file.reference.jersey-simple-server-1.8.jar" value="../lib/jersey/jersey-simple-server-1.8.jar" />
    <property name="java.endorsed.dirs" value="/sw/jdk7/jre/lib/endorsed" />
    <property name="libs.Comet-GlassFish-v3.maven-pom" value="" />
    <property name="netbeans.dynamic.classpath" value="/home/TDP024/netbeans-8.0.1/platform/core/core.jar:/home/TDP024/netbeans-8.0.1/platform/core/org-openide-filesystems.jar:/home/TDP024/netbeans-8.0.1/platform/core/locale/core_pt_BR.jar:/home/TDP024/netbeans-8.0.1/platform/core/locale/core_ja.jar:/home/TDP024/netbeans-8.0.1/platform/core/locale/core_zh_CN.jar:/home/TDP024/netbeans-8.0.1/platform/core/locale/core_ru.jar:/home/TDP024/netbeans-8.0.1/platform/core/locale/org-openide-filesystems_pt_BR.jar:/home/TDP024/netbeans-8.0.1/platform/core/locale/org-openide-filesystems_ja.jar:/home/TDP024/netbeans-8.0.1/platform/core/locale/org-openide-filesystems_zh_CN.jar:/home/TDP024/netbeans-8.0.1/platform/core/locale/org-openide-filesystems_ru.jar:/home/TDP024/netbeans-8.0.1/nb/core/org-netbeans-upgrader.jar:/home/TDP024/netbeans-8.0.1/nb/core/locale/core_nb_ja.jar:/home/TDP024/netbeans-8.0.1/nb/core/locale/core_nb.jar:/home/TDP024/netbeans-8.0.1/nb/core/locale/org-netbeans-upgrader_ja.jar:/home/TDP024/netbeans-8.0.1/nb/core/locale/core_nb_pt_BR.jar:/home/TDP024/netbeans-8.0.1/nb/core/locale/core_nb_ru.jar:/home/TDP024/netbeans-8.0.1/nb/core/locale/core_nb_zh_CN.jar:/home/TDP024/netbeans-8.0.1/nb/core/locale/org-netbeans-upgrader_zh_CN.jar:/home/TDP024/netbeans-8.0.1/nb/core/locale/org-netbeans-upgrader_pt_BR.jar:/home/TDP024/netbeans-8.0.1/nb/core/locale/org-netbeans-upgrader_ru.jar" />
    <property name="auxiliary.org-netbeans-modules-css-prep.sass_2e_mappings" value="/scss:/css" />
    <property name="java.vm.specification.version" value="1.7" />
    <property name="libs.hibernate4-support.src" value="" />
    <property name="libs.primefaces.classpath" value="/home/TDP024/netbeans-8.0.1/enterprise/modules/ext/primefaces/primefaces-5.0.jar" />
    <property name="libs.javaee-api-6.0.classpath" value="/home/TDP024/netbeans-8.0.1/enterprise/modules/ext/javaee-api-6.0.jar" />
    <property name="netbeans.productversion" value="NetBeans IDE 8.0.1 (Build 201408251540)" />
    <property name="libs.jaxws21.src" value="" />
    <property name="do.war.package.with.custom.manifest" value="true" />
    <property name="netbeans.autoupdate.language" value="sv" />
    <property name="java.vendor" value="Oracle Corporation" />
    <property name="auxiliary.org-netbeans-modules-css-prep.less_2e_enabled" value="false" />
    <property name="libs.javaee-api-6.0.javadoc" value="/home/TDP024/netbeans-8.0.1/enterprise/docs/javaee-doc-api.jar" />
    <property name="sun.font.fontmanager" value="sun.awt.X11FontManager" />
    <property name="file.reference.jsr173_api.jar" value="../lib/jaxb/jsr173_api.jar" />
    <property name="javac.debug" value="true" />
    <property name="javadoc.splitindex" value="true" />
    <property name="file.reference.jersey-core-1.8.jar" value="../lib/jersey/jersey-core-1.8.jar" />
    <property name="file.separator" value="/" />
    <property name="libs.Java-EE-GlassFish-v3-Prelude.maven-pom" value="" />
    <property name="libs.junit_4.maven-pom" value="" />
    <property name="resource.dir" value="setup" />
    <property name="javac.test.processorpath" value="../lib/derby.jar:../lib/eclipselink-2.3.0.jar:../lib/jackson-annotations-2.2.2.jar:../lib/jackson-core-2.2.2.jar:../lib/jackson-databind-2.2.1.jar:../lib/javax.persistence-2.0.jar:../lib/junit-4.10.jar:../lib/jersey/asm-3.1.jar:../lib/jersey/jackson-core-asl-1.7.1.jar:../lib/jersey/jackson-jaxrs-1.7.1.jar:../lib/jersey/jackson-mapper-asl-1.7.1.jar:../lib/jersey/jackson-xc-1.7.1.jar:../lib/jersey/jersey-apache-client-1.8.jar:../lib/jersey/jersey-atom-abdera-1.8.jar:../lib/jersey/jersey-client-1.8.jar:../lib/jersey/jersey-core-1.8.jar:../lib/jersey/jersey-guice-1.8.jar:../lib/jersey/jersey-json-1.8.jar:../lib/jersey/jersey-multipart-1.8.jar:../lib/jersey/jersey-server-1.8.jar:../lib/jersey/jersey-simple-server-1.8.jar:../lib/jersey/jersey-spring-1.8.jar:../lib/jersey/jettison-1.1.jar:../lib/jersey/jsr311-api-1.1.1.jar:../lib/jersey/oauth-client-1.8.jar:../lib/jersey/oauth-server-1.8.jar:../lib/jersey/oauth-signature-1.8.jar:../account-data-api/dist/account-data-api.jar:../account-data-impl-db/dist/account-data-impl-db.jar:../account-logic-api/dist/account-logic-api.jar:../account-logic-impl/dist/account-logic-impl.jar:../account-util/dist/account-util.jar:../lib/org.eclipse.persistence.jpa.jpql_1.0.0.jar:../lib/jaxb/activation.jar:../lib/jaxb/jaxb-api.jar:../lib/jaxb/jsr173_api.jar:../lib/genson-1.3.jar:build/web/WEB-INF/classes" />
    <property name="netbeans.buildnumber" value="201408251540" />
    <property name="libs.JWSAntTasks.javadoc" value="" />
    <property name="build.generated.sources.dir" value="build/generated-sources" />
    <property name="libs.eclipselinkmodelgen.classpath" value="/home/TDP024/netbeans-8.0.1/java/modules/ext/eclipselink/org.eclipse.persistence.jpa.modelgen_2.5.2.v20140319-9ad6abd.jar" />
    <property name="file.reference.genson-1.3.jar" value="../lib/genson-1.3.jar" />
    <property name="libs.javaee-endorsed-api-7.0.src" value="" />
    <property name="sun.java.launcher" value="SUN_STANDARD" />
    <property name="libs.junit.classpath" value="/home/TDP024/netbeans-8.0.1/java/modules/ext/junit-3.8.2.jar" />
    <property name="libs.hibernate4-persistencemodelgen.javadoc" value="" />
    <property name="libs.jaxb.javadoc" value="/home/TDP024/netbeans-8.0.1/ide/docs/jaxb-api-doc.zip" />
    <property name="libs.struts.classpath" value="/home/TDP024/netbeans-8.0.1/enterprise/modules/ext/struts/antlr-2.7.2.jar:/home/TDP024/netbeans-8.0.1/enterprise/modules/ext/struts/bsf-2.3.0.jar:/home/TDP024/netbeans-8.0.1/enterprise/modules/ext/struts/commons-beanutils-1.8.0.jar:/home/TDP024/netbeans-8.0.1/enterprise/modules/ext/struts/commons-chain-1.2.jar:/home/TDP024/netbeans-8.0.1/enterprise/modules/ext/struts/commons-digester-1.8.jar:/home/TDP024/netbeans-8.0.1/enterprise/modules/ext/struts/commons-fileupload-1.1.1.jar:/home/TDP024/netbeans-8.0.1/enterprise/modules/ext/struts/commons-io-1.1.jar:/home/TDP024/netbeans-8.0.1/enterprise/modules/ext/struts/commons-logging-1.0.4.jar:/home/TDP024/netbeans-8.0.1/enterprise/modules/ext/struts/commons-validator-1.3.1.jar:/home/TDP024/netbeans-8.0.1/enterprise/modules/ext/struts/jstl-1.0.2.jar:/home/TDP024/netbeans-8.0.1/enterprise/modules/ext/struts/oro-2.0.8.jar:/home/TDP024/netbeans-8.0.1/enterprise/modules/ext/struts/standard-1.0.6.jar:/home/TDP024/netbeans-8.0.1/enterprise/modules/ext/struts/struts-core-1.3.10.jar:/home/TDP024/netbeans-8.0.1/enterprise/modules/ext/struts/struts-el-1.3.10.jar:/home/TDP024/netbeans-8.0.1/enterprise/modules/ext/struts/struts-extras-1.3.10.jar:/home/TDP024/netbeans-8.0.1/enterprise/modules/ext/struts/struts-faces-1.3.10.jar:/home/TDP024/netbeans-8.0.1/enterprise/modules/ext/struts/struts-mailreader-dao-1.3.10.jar:/home/TDP024/netbeans-8.0.1/enterprise/modules/ext/struts/struts-scripting-1.3.10.jar:/home/TDP024/netbeans-8.0.1/enterprise/modules/ext/struts/struts-taglib-1.3.10.jar:/home/TDP024/netbeans-8.0.1/enterprise/modules/ext/struts/struts-tiles-1.3.10.jar" />
    <property name="application.args.param" value="" />
    <property name="ant.home" value="/home/TDP024/netbeans-8.0.1/extide/ant" />
    <property name="libs.junit_4.src" value="/home/TDP024/netbeans-8.0.1/java/docs/junit-4.10-sources.jar" />
    <property name="libs.testng.classpath" value="/home/TDP024/netbeans-8.0.1/platform/modules/ext/testng-6.8.1-dist.jar" />
    <property name="conf.dir" value="src/conf" />
    <property name="webinf.dir" value="web/WEB-INF" />
    <property name="libs.absolutelayout.maven-pom" value="" />
    <property name="ant.java.version" value="1.7" />
    <property name="java.library.path" value="/sw/jdk7/jre/lib/amd64:/sw/jdk7/jre/lib/i386::/usr/java/packages/lib/amd64:/usr/lib64:/lib64:/lib:/usr/lib" />
    <property name="javadoc.author" value="false" />
    <property name="libs.metro.maven-pom" value="" />
    <property name="libs.EclipseLink-GlassFish-v3.src" value="" />
    <property name="java.util.logging.config.class" value="org.netbeans.core.startup.TopLogging" />
    <property name="libs.spring-framework400.src" value="" />
    <property name="libs.PostgreSQLDriver.src" value="" />
    <property name="file.reference.junit-4.10.jar" value="../lib/junit-4.10.jar" />
    <property name="sun.arch.data.model" value="64" />
    <property name="basedir" value="/home/marsj725/TDP024/EnterpriseSystems/account-rest" />
    <property name="libs.jpa20-persistence.maven-pom" value="" />
    <property name="jar.compress" value="false" />
    <property name="libs.javaee-web-api-7.0.classpath" value="/home/TDP024/netbeans-8.0.1/enterprise/modules/ext/javaee-web-api-7.0.jar" />
    <property name="project.account-logic-api" value="../account-logic-api" />
    <property name="path.separator" value=":" />
    <property name="dist.war" value="dist/account-rest.war" />
    <property name="libs.javaee-web-api-6.0.javadoc" value="/home/TDP024/netbeans-8.0.1/enterprise/docs/javaee-doc-api.jar" />
    <property name="ant.junit.enabletestlistenerevents" value="true" />
    <property name="sun.io.unicode.encoding" value="UnicodeLittle" />
    <property name="libs.jaxws21.classpath" value="/home/TDP024/netbeans-8.0.1/ide/modules/ext/jaxb/jaxb-impl.jar:/home/TDP024/netbeans-8.0.1/ide/modules/ext/jaxb/jaxb-xjc.jar:/home/TDP024/netbeans-8.0.1/java/modules/ext/jaxws22/FastInfoset.jar:/home/TDP024/netbeans-8.0.1/java/modules/ext/jaxws22/gmbal-api-only.jar:/home/TDP024/netbeans-8.0.1/java/modules/ext/jaxws22/ha-api.jar:/home/TDP024/netbeans-8.0.1/java/modules/ext/jaxws22/javax.mail_1.4.jar:/home/TDP024/netbeans-8.0.1/java/modules/ext/jaxws22/jaxws-rt.jar:/home/TDP024/netbeans-8.0.1/java/modules/ext/jaxws22/jaxws-tools.jar:/home/TDP024/netbeans-8.0.1/java/modules/ext/jaxws22/management-api.jar:/home/TDP024/netbeans-8.0.1/java/modules/ext/jaxws22/mimepull.jar:/home/TDP024/netbeans-8.0.1/java/modules/ext/jaxws22/policy.jar:/home/TDP024/netbeans-8.0.1/java/modules/ext/jaxws22/saaj-impl.jar:/home/TDP024/netbeans-8.0.1/java/modules/ext/jaxws22/stax-ex.jar:/home/TDP024/netbeans-8.0.1/java/modules/ext/jaxws22/stax2-api.jar:/home/TDP024/netbeans-8.0.1/java/modules/ext/jaxws22/streambuffer.jar:/home/TDP024/netbeans-8.0.1/java/modules/ext/jaxws22/woodstox-core-asl.jar:/home/TDP024/netbeans-8.0.1/java/modules/ext/jaxws22/api/jaxws-api.jar:/home/TDP024/netbeans-8.0.1/java/modules/ext/jaxws22/api/jsr181-api.jar:/home/TDP024/netbeans-8.0.1/java/modules/ext/jaxws22/api/javax.annotation.jar:/home/TDP024/netbeans-8.0.1/java/modules/ext/jaxws22/api/saaj-api.jar:/home/TDP024/netbeans-8.0.1/ide/modules/ext/jaxb/activation.jar:/home/TDP024/netbeans-8.0.1/ide/modules/ext/jaxb/api/jaxb-api.jar:/home/TDP024/netbeans-8.0.1/ide/modules/ext/jaxb/api/jsr173_1.0_api.jar" />
    <property name="libs.struts.src" value="" />
    <property name="apple.awt.graphics.UseQuartz" value="true" />
    <property name="user.language" value="sv" />
    <property name="j2ee.platform.classpath" value="/home/TDP024/glassfish-3.1.1/mq/lib/jaxm-api.jar:/home/TDP024/glassfish-3.1.1/glassfish/modules/endorsed/webservices-api-osgi.jar:/home/TDP024/glassfish-3.1.1/glassfish/modules/endorsed/javax.annotation.jar:/home/TDP024/glassfish-3.1.1/glassfish/modules/endorsed/jaxb-api-osgi.jar:/home/TDP024/glassfish-3.1.1/glassfish/modules/bean-validator.jar:/home/TDP024/glassfish-3.1.1/glassfish/modules/javax.enterprise.deploy.jar:/home/TDP024/glassfish-3.1.1/glassfish/modules/javax.ejb.jar:/home/TDP024/glassfish-3.1.1/glassfish/modules/javax.mail.jar:/home/TDP024/glassfish-3.1.1/glassfish/modules/javax.jms.jar:/home/TDP024/glassfish-3.1.1/glassfish/modules/javax.security.auth.message.jar:/home/TDP024/glassfish-3.1.1/glassfish/modules/javax.management.j2ee.jar:/home/TDP024/glassfish-3.1.1/glassfish/modules/javax.persistence.jar:/home/TDP024/glassfish-3.1.1/glassfish/modules/javax.resource.jar:/home/TDP024/glassfish-3.1.1/glassfish/modules/javax.servlet.jsp.jar:/home/TDP024/glassfish-3.1.1/glassfish/modules/javax.security.jacc.jar:/home/TDP024/glassfish-3.1.1/glassfish/modules/javax.servlet.jar:/home/TDP024/glassfish-3.1.1/glassfish/modules/javax.servlet.jsp.jstl.jar:/home/TDP024/glassfish-3.1.1/glassfish/modules/javax.transaction.jar:/home/TDP024/glassfish-3.1.1/glassfish/modules/jaxb-osgi.jar:/home/TDP024/glassfish-3.1.1/glassfish/modules/jersey-core.jar:/home/TDP024/glassfish-3.1.1/glassfish/modules/webservices-osgi.jar:/home/TDP024/glassfish-3.1.1/glassfish/modules/weld-osgi-bundle.jar" />
    <property name="testng.mode" value="testng" />
    <property name="libs.JAXB-ENDORSED.maven-pom" value="" />
    <property name="libs.eclipselink.maven-pom" value="" />
    <property name="build.meta.inf.dir" value="build/web/META-INF" />
    <property name="persistence.xml.dir" value="src/conf" />
    <property name="test.binaryincludes" value="&lt;nothing&gt;" />
    <property name="libs.primefaces.javadoc" value="" />
    <property name="libs.spring-framework300.maven-pom" value="" />
    <property name="run.test.classpath" value="../lib/derby.jar:../lib/eclipselink-2.3.0.jar:../lib/jackson-annotations-2.2.2.jar:../lib/jackson-core-2.2.2.jar:../lib/jackson-databind-2.2.1.jar:../lib/javax.persistence-2.0.jar:../lib/junit-4.10.jar:../lib/jersey/asm-3.1.jar:../lib/jersey/jackson-core-asl-1.7.1.jar:../lib/jersey/jackson-jaxrs-1.7.1.jar:../lib/jersey/jackson-mapper-asl-1.7.1.jar:../lib/jersey/jackson-xc-1.7.1.jar:../lib/jersey/jersey-apache-client-1.8.jar:../lib/jersey/jersey-atom-abdera-1.8.jar:../lib/jersey/jersey-client-1.8.jar:../lib/jersey/jersey-core-1.8.jar:../lib/jersey/jersey-guice-1.8.jar:../lib/jersey/jersey-json-1.8.jar:../lib/jersey/jersey-multipart-1.8.jar:../lib/jersey/jersey-server-1.8.jar:../lib/jersey/jersey-simple-server-1.8.jar:../lib/jersey/jersey-spring-1.8.jar:../lib/jersey/jettison-1.1.jar:../lib/jersey/jsr311-api-1.1.1.jar:../lib/jersey/oauth-client-1.8.jar:../lib/jersey/oauth-server-1.8.jar:../lib/jersey/oauth-signature-1.8.jar:../account-data-api/dist/account-data-api.jar:../account-data-impl-db/dist/account-data-impl-db.jar:../account-logic-api/dist/account-logic-api.jar:../account-logic-impl/dist/account-logic-impl.jar:../account-util/dist/account-util.jar:../lib/org.eclipse.persistence.jpa.jpql_1.0.0.jar:../lib/jaxb/activation.jar:../lib/jaxb/jaxb-api.jar:../lib/jaxb/jsr173_api.jar:../lib/genson-1.3.jar:build/web/WEB-INF/classes:build/test/classes" />
    <property name="ant.project.invoked-targets" value="test" />
    <property name="test.binaryexcludes" value="" />
    <property name="libs.swing-layout.javadoc" value="/home/TDP024/netbeans-8.0.1/platform/docs/swing-layout-1.0.4-doc.zip" />
    <property name="sun.java2d.dpiaware" value="true" />
    <property name="libs.hibernate4-persistence.maven-pom" value="" />
    <property name="jspc.schemas" value="/resources/schemas/" />
    <property name="https.nonProxyHosts" value="localhost|127.0.0.1|li10-7" />
    <property name="libs.PostgreSQLDriver.maven-pom" value="" />
    <property name="java.class.version" value="51.0" />
    <property name="libs.JAVADB_DRIVER_LABEL.classpath" value="/sw/jdk7/db/lib/derby.jar:/sw/jdk7/db/lib/derbyclient.jar:/sw/jdk7/db/lib/derbynet.jar" />
    <property name="libs.hibernate4-persistencemodelgen.maven-pom" value="" />
    <property name="libs.javaee-endorsed-api-6.0.src" value="" />
    <property name="libs.eclipselink.javadoc" value="/home/TDP024/netbeans-8.0.1/java/modules/ext/docs/javax.persistence-2.1.0-doc.zip" />
    <property name="libs.jsp-compilation.maven-pom" value="" />
    <property name="user.properties.file" value="/home/marsj725/.netbeans/8.0.1/build.properties" />
    <property name="build.web.dir" value="build/web" />
    <property name="libs.javac-api.maven-pom" value="" />
    <property name="file.encoding.pkg" value="sun.io" />
    <property name="sun.cpu.endian" value="little" />
    <property name="libs.JAXB-ENDORSED.javadoc" value="" />
    <property name="j2ee.server.middleware" value="/home/TDP024/glassfish-3.1.1" />
    <property name="libs.JWSAntTasks.classpath" value="/home/TDP024/netbeans-8.0.1/java/ant/extra/org-netbeans-modules-javawebstart-anttasks.jar" />
    <property name="libs.spring-webmvc4.0.maven-pom" value="" />
    <property name="libs.spring-framework300.src" value="" />
    <property name="libs.jstl.src" value="" />
    <property name="empty.dir" value="/home/marsj725/TDP024/EnterpriseSystems/account-rest/build/empty" />
    <property name="display.browser" value="false" />
    <property name="version-output" value="java version &quot;1.7" />
    <property name="test.binarytestincludes" value="" />
    <property name="libs.hibernate4-persistencemodelgen.src" value="" />
    <property name="javadoc.preview" value="true" />
    <property name="libs.jpa20-persistence.javadoc" value="/home/TDP024/netbeans-8.0.1/java/modules/ext/docs/javax.persistence-2.1.0-doc.zip" />
    <property name="java.home" value="/sw/jdk7/jre" />
    <property name="libs.jsp-compilation.src" value="" />
    <property name="debug.test.classpath" value="../lib/derby.jar:../lib/eclipselink-2.3.0.jar:../lib/jackson-annotations-2.2.2.jar:../lib/jackson-core-2.2.2.jar:../lib/jackson-databind-2.2.1.jar:../lib/javax.persistence-2.0.jar:../lib/junit-4.10.jar:../lib/jersey/asm-3.1.jar:../lib/jersey/jackson-core-asl-1.7.1.jar:../lib/jersey/jackson-jaxrs-1.7.1.jar:../lib/jersey/jackson-mapper-asl-1.7.1.jar:../lib/jersey/jackson-xc-1.7.1.jar:../lib/jersey/jersey-apache-client-1.8.jar:../lib/jersey/jersey-atom-abdera-1.8.jar:../lib/jersey/jersey-client-1.8.jar:../lib/jersey/jersey-core-1.8.jar:../lib/jersey/jersey-guice-1.8.jar:../lib/jersey/jersey-json-1.8.jar:../lib/jersey/jersey-multipart-1.8.jar:../lib/jersey/jersey-server-1.8.jar:../lib/jersey/jersey-simple-server-1.8.jar:../lib/jersey/jersey-spring-1.8.jar:../lib/jersey/jettison-1.1.jar:../lib/jersey/jsr311-api-1.1.1.jar:../lib/jersey/oauth-client-1.8.jar:../lib/jersey/oauth-server-1.8.jar:../lib/jersey/oauth-signature-1.8.jar:../account-data-api/dist/account-data-api.jar:../account-data-impl-db/dist/account-data-impl-db.jar:../account-logic-api/dist/account-logic-api.jar:../account-logic-impl/dist/account-logic-impl.jar:../account-util/dist/account-util.jar:../lib/org.eclipse.persistence.jpa.jpql_1.0.0.jar:../lib/jaxb/activation.jar:../lib/jaxb/jaxb-api.jar:../lib/jaxb/jsr173_api.jar:../lib/genson-1.3.jar:build/web/WEB-INF/classes:build/test/classes" />
    <property name="libs.javaee-endorsed-api-6.0.classpath" value="/home/TDP024/netbeans-8.0.1/enterprise/modules/ext/javaee6-endorsed/javax.annotation.jar:/home/TDP024/netbeans-8.0.1/enterprise/modules/ext/javaee6-endorsed/jaxb-api-osgi.jar:/home/TDP024/netbeans-8.0.1/enterprise/modules/ext/javaee6-endorsed/webservices-api-osgi.jar" />
    <property name="libs.javaee-api-6.0.src" value="" />
    <property name="netbeans.importclass" value="org.netbeans.upgrade.AutoUpgrade" />
    <property name="ant.project.default-target" value="default" />
    <property name="annotation.processing.run.all.processors" value="true" />
    <property name="libs.PostgreSQLDriver.javadoc" value="" />
    <property name="libs.restlib.classpath" value="/home/TDP024/netbeans-8.0.1/enterprise/modules/ext/jersey2/ext/asm-all-repackaged-2.2.0-b21.jar:/home/TDP024/netbeans-8.0.1/enterprise/modules/ext/jersey2/ext/cglib-2.2.0-b21.jar:/home/TDP024/netbeans-8.0.1/enterprise/modules/ext/jersey2/ext/guava-14.0.1.jar:/home/TDP024/netbeans-8.0.1/enterprise/modules/ext/jersey2/ext/hk2-api-2.2.0-b21.jar:/home/TDP024/netbeans-8.0.1/enterprise/modules/ext/jersey2/ext/hk2-locator-2.2.0-b21.jar:/home/TDP024/netbeans-8.0.1/enterprise/modules/ext/jersey2/ext/hk2-utils-2.2.0-b21.jar:/home/TDP024/netbeans-8.0.1/enterprise/modules/ext/jersey2/ext/javax.annotation-api-1.2.jar:/home/TDP024/netbeans-8.0.1/enterprise/modules/ext/jersey2/ext/javax.inject-2.2.0-b21.jar:/home/TDP024/netbeans-8.0.1/enterprise/modules/ext/jersey2/ext/javax.servlet-api-3.0.1.jar:/home/TDP024/netbeans-8.0.1/enterprise/modules/ext/jersey2/ext/jaxb-api-2.2.7.jar:/home/TDP024/netbeans-8.0.1/enterprise/modules/ext/jersey2/ext/jersey-entity-filtering-2.5.1.jar:/home/TDP024/netbeans-8.0.1/enterprise/modules/ext/jersey2/ext/jersey-media-moxy-2.5.1.jar:/home/TDP024/netbeans-8.0.1/enterprise/modules/ext/jersey2/ext/org.osgi.core-4.2.0.jar:/home/TDP024/netbeans-8.0.1/enterprise/modules/ext/jersey2/ext/osgi-resource-locator-1.0.1.jar:/home/TDP024/netbeans-8.0.1/enterprise/modules/ext/jersey2/ext/persistence-api-1.0.jar:/home/TDP024/netbeans-8.0.1/enterprise/modules/ext/jersey2/ext/validation-api-1.1.0.Final.jar:/home/TDP024/netbeans-8.0.1/enterprise/modules/ext/jersey2/jersey-client.jar:/home/TDP024/netbeans-8.0.1/enterprise/modules/ext/jersey2/jersey-common.jar:/home/TDP024/netbeans-8.0.1/enterprise/modules/ext/jersey2/jersey-container-servlet.jar:/home/TDP024/netbeans-8.0.1/enterprise/modules/ext/jersey2/jersey-container-servlet-core.jar:/home/TDP024/netbeans-8.0.1/enterprise/modules/ext/jersey2/jersey-server.jar:/home/TDP024/netbeans-8.0.1/java/modules/ext/eclipselink/eclipselink.jar" />
    <property name="libs.MySQLDriver.maven-pom" value="" />
    <property name="j2ee.platform.wsgen.classpath" value="/home/TDP024/glassfish-3.1.1/glassfish/modules/webservices-osgi.jar:/home/TDP024/glassfish-3.1.1/glassfish/modules/endorsed/webservices-api-osgi.jar:/home/TDP024/glassfish-3.1.1/glassfish/modules/jaxb-osgi.jar:/home/TDP024/glassfish-3.1.1/glassfish/modules/endorsed/jaxb-api-osgi.jar:/home/TDP024/glassfish-3.1.1/glassfish/modules/javax.ejb.jar" />
    <property name="libs.hibernate4-persistence.javadoc" value="/home/TDP024/netbeans-8.0.1/java/modules/ext/docs/javax.persistence-2.1.0-doc.zip" />
    <property name="http.nonProxyHosts" value="localhost|127.0.0.1|li10-7" />
    <property name="libs.junit_4.javadoc" value="/home/TDP024/netbeans-8.0.1/java/docs/junit-4.10-javadoc.jar" />
    <property name="libs.EclipseLink-GlassFish-v3.maven-pom" value="" />
    <property name="libs.javaee-web-api-6.0.maven-pom" value="" />
    <property name="j2ee.deploy.on.save" value="false" />
    <property name="file.reference.jackson-core-asl-1.7.1.jar" value="../lib/jersey/jackson-core-asl-1.7.1.jar" />
    <property name="jna.boot.library.name" value="jnidispatch-410" />
    <property name="libs.javaee-endorsed-api-6.0.javadoc" value="/home/TDP024/netbeans-8.0.1/enterprise/docs/javaee-doc-api.jar" />
    <property name="libs.javaee-api-7.0.classpath" value="/home/TDP024/netbeans-8.0.1/enterprise/modules/ext/javaee-api-7.0.jar" />
    <property name="sun.awt.datatransfer.timeout" value="1000" />
    <property name="libs.spring-webmvc3.0.javadoc" value="" />
    <property name="libs.jpa2-persistence.maven-pom" value="" />
    <property name="annotation.processing.enabled.in.editor" value="true" />
    <property name="libs.hibernate4-support.classpath" value="/home/TDP024/netbeans-8.0.1/java/modules/ext/hibernate4/antlr-2.7.7.jar:/home/TDP024/netbeans-8.0.1/java/modules/ext/hibernate4/c3p0-0.9.2.1.jar:/home/TDP024/netbeans-8.0.1/java/modules/ext/hibernate4/hibernate-c3p0-4.3.1.Final.jar:/home/TDP024/netbeans-8.0.1/java/modules/ext/hibernate4/mchange-commons-java-0.2.3.4.jar:/home/TDP024/netbeans-8.0.1/java/modules/ext/hibernate4/dom4j-1.6.1.jar:/home/TDP024/netbeans-8.0.1/java/modules/ext/hibernate4/ehcache-core-2.4.3.jar:/home/TDP024/netbeans-8.0.1/java/modules/ext/hibernate4/hibernate-ehcache-4.3.1.Final.jar:/home/TDP024/netbeans-8.0.1/java/modules/ext/hibernate4/hibernate-core-4.3.1.Final.jar:/home/TDP024/netbeans-8.0.1/java/modules/ext/hibernate4/jboss-logging-3.1.3.GA.jar:/home/TDP024/netbeans-8.0.1/java/modules/ext/hibernate4/hibernate-commons-annotations-4.0.4.Final.jar:/home/TDP024/netbeans-8.0.1/java/modules/ext/hibernate4/hibernate-entitymanager-4.3.1.Final.jar:/home/TDP024/netbeans-8.0.1/java/modules/ext/hibernate4/javassist-3.18.1-GA.jar:/home/TDP024/netbeans-8.0.1/java/modules/ext/hibernate4/jboss-transaction-api_1.2_spec-1.0.0.Final.jar:/home/TDP024/netbeans-8.0.1/java/modules/ext/hibernate4/slf4j-api-1.6.1.jar:/home/TDP024/netbeans-8.0.1/java/modules/ext/hibernate4/slf4j-simple-1.6.1.jar" />
    <property name="nb.native.filechooser" value="false" />
    <property name="libs.restapi.src" value="" />
    <property name="sun.management.compiler" value="HotSpot 64-Bit Tiered Compilers" />
    <property name="javac.deprecation" value="false" />
    <property name="javadoc.use" value="true" />
    <property name="client.urlPart" value="" />
    <property name="sun.java2d.noddraw" value="true" />
    <property name="libs.jsp-compiler.classpath" value="/home/TDP024/netbeans-8.0.1/enterprise/ant/extra/jspcompile.jar" />
    <property name="dist.ear.war" value="dist/account-rest.war" />
    <property name="javac.processorpath" value="../lib/derby.jar:../lib/eclipselink-2.3.0.jar:../lib/jackson-annotations-2.2.2.jar:../lib/jackson-core-2.2.2.jar:../lib/jackson-databind-2.2.1.jar:../lib/javax.persistence-2.0.jar:../lib/junit-4.10.jar:../lib/jersey/asm-3.1.jar:../lib/jersey/jackson-core-asl-1.7.1.jar:../lib/jersey/jackson-jaxrs-1.7.1.jar:../lib/jersey/jackson-mapper-asl-1.7.1.jar:../lib/jersey/jackson-xc-1.7.1.jar:../lib/jersey/jersey-apache-client-1.8.jar:../lib/jersey/jersey-atom-abdera-1.8.jar:../lib/jersey/jersey-client-1.8.jar:../lib/jersey/jersey-core-1.8.jar:../lib/jersey/jersey-guice-1.8.jar:../lib/jersey/jersey-json-1.8.jar:../lib/jersey/jersey-multipart-1.8.jar:../lib/jersey/jersey-server-1.8.jar:../lib/jersey/jersey-simple-server-1.8.jar:../lib/jersey/jersey-spring-1.8.jar:../lib/jersey/jettison-1.1.jar:../lib/jersey/jsr311-api-1.1.1.jar:../lib/jersey/oauth-client-1.8.jar:../lib/jersey/oauth-server-1.8.jar:../lib/jersey/oauth-signature-1.8.jar:../account-data-api/dist/account-data-api.jar:../account-data-impl-db/dist/account-data-impl-db.jar:../account-logic-api/dist/account-logic-api.jar:../account-logic-impl/dist/account-logic-impl.jar:../account-util/dist/account-util.jar:../lib/org.eclipse.persistence.jpa.jpql_1.0.0.jar:../lib/jaxb/activation.jar:../lib/jaxb/jaxb-api.jar:../lib/jaxb/jsr173_api.jar:../lib/genson-1.3.jar" />
    <property name="file.reference.asm-3.1.jar" value="../lib/jersey/asm-3.1.jar" />
    <property name="javac.compilerargs" value="" />
    <property name="ant.file" value="/home/marsj725/TDP024/EnterpriseSystems/account-rest/build.xml" />
    <property name="libs.beans-binding.maven-pom" value="" />
    <property name="libs.hibernate4-support.javadoc" value="/home/TDP024/netbeans-8.0.1/java/modules/ext/docs/javax.persistence-2.1.0-doc.zip" />
    <property name="libs.jsf12.classpath" value="/home/TDP024/netbeans-8.0.1/enterprise/modules/ext/jsf-1_2/commons-beanutils.jar:/home/TDP024/netbeans-8.0.1/enterprise/modules/ext/jsf-1_2/commons-collections.jar:/home/TDP024/netbeans-8.0.1/enterprise/modules/ext/jsf-1_2/commons-digester.jar:/home/TDP024/netbeans-8.0.1/enterprise/modules/ext/jsf-1_2/commons-logging.jar:/home/TDP024/netbeans-8.0.1/enterprise/modules/ext/jsf-1_2/jsf-api.jar:/home/TDP024/netbeans-8.0.1/enterprise/modules/ext/jsf-1_2/jsf-impl.jar" />
    <property name="libs.Java-EE-GlassFish-v3-Prelude.classpath" value="/home/TDP024/glassfish-3.1.1/mq/lib/jaxm-api.jar:/home/TDP024/glassfish-3.1.1/glassfish/modules/endorsed/webservices-api-osgi.jar:/home/TDP024/glassfish-3.1.1/glassfish/modules/endorsed/javax.annotation.jar:/home/TDP024/glassfish-3.1.1/glassfish/modules/endorsed/jaxb-api-osgi.jar:/home/TDP024/glassfish-3.1.1/glassfish/modules/bean-validator.jar:/home/TDP024/glassfish-3.1.1/glassfish/modules/javax.enterprise.deploy.jar:/home/TDP024/glassfish-3.1.1/glassfish/modules/javax.ejb.jar:/home/TDP024/glassfish-3.1.1/glassfish/modules/javax.mail.jar:/home/TDP024/glassfish-3.1.1/glassfish/modules/javax.jms.jar:/home/TDP024/glassfish-3.1.1/glassfish/modules/javax.security.auth.message.jar:/home/TDP024/glassfish-3.1.1/glassfish/modules/javax.management.j2ee.jar:/home/TDP024/glassfish-3.1.1/glassfish/modules/javax.persistence.jar:/home/TDP024/glassfish-3.1.1/glassfish/modules/javax.resource.jar:/home/TDP024/glassfish-3.1.1/glassfish/modules/javax.servlet.jsp.jar:/home/TDP024/glassfish-3.1.1/glassfish/modules/javax.security.jacc.jar:/home/TDP024/glassfish-3.1.1/glassfish/modules/javax.servlet.jar:/home/TDP024/glassfish-3.1.1/glassfish/modules/javax.servlet.jsp.jstl.jar:/home/TDP024/glassfish-3.1.1/glassfish/modules/javax.transaction.jar:/home/TDP024/glassfish-3.1.1/glassfish/modules/jaxb-osgi.jar:/home/TDP024/glassfish-3.1.1/glassfish/modules/jersey-core.jar:/home/TDP024/glassfish-3.1.1/glassfish/modules/webservices-osgi.jar:/home/TDP024/glassfish-3.1.1/glassfish/modules/weld-osgi-bundle.jar" />
    <property name="has.custom.manifest" value="true" />
    <property name="libs.jstl.maven-pom" value="" />
    <property name="libs.restapi.maven-pom" value="" />
    <property name="libs.beans-binding.src" value="" />
    <property name="java.vm.specification.vendor" value="Oracle Corporation" />
    <property name="libs.swing-layout.src" value="/home/TDP024/netbeans-8.0.1/platform/docs/swing-layout-1.0.4-src.zip" />
    <property name="org.openide.major.version" value="IDE/1" />
    <property name="java.vm.name" value="Java HotSpot(TM) 64-Bit Server VM" />
    <property name="netbeans.user" value="/home/marsj725/.netbeans/8.0.1" />
    <property name="javadoc.additionalparam" value="" />
    <property name="java.io.tmpdir" value="/tmp" />
    <property name="java.vendor.url" value="http://java.oracle.com/" />
    <property name="endorsed.classpath.cmd.line.arg" value="-Xbootclasspath/p:&apos;/home/TDP024/netbeans-8.0.1/enterprise/modules/ext/javaee6-endorsed/javax.annotation.jar:/home/TDP024/netbeans-8.0.1/enterprise/modules/ext/javaee6-endorsed/jaxb-api-osgi.jar:/home/TDP024/netbeans-8.0.1/enterprise/modules/ext/javaee6-endorsed/webservices-api-osgi.jar&apos;" />
    <property name="junit.available" value="true" />
    <property name="j2ee.platform.wsit.classpath" value="" />
    <property name="ant.file.type.account-rest-impl" value="file" />
    <property name="compile.jsps" value="false" />
    <property name="file.reference.oauth-signature-1.8.jar" value="../lib/jersey/oauth-signature-1.8.jar" />
    <property name="libs.jsp-compiler.src" value="" />
    <property name="org.openide.awt.ActionReference.completion" value="org.netbeans.modules.apisupport.project.layers.PathCompletions" />
    <property name="file.reference.jersey-guice-1.8.jar" value="../lib/jersey/jersey-guice-1.8.jar" />
    <property name="deploy.ant.properties.file" value="/home/marsj725/.netbeans/8.0.1/config/GlassFishEE6/Properties/gfv3-963827167.properties" />
    <property name="reference.account-logic-impl.jar" value="../account-logic-impl/dist/account-logic-impl.jar" />
    <property name="j2ee.platform.wscompile.classpath" value="/home/TDP024/glassfish-3.1.1/glassfish/modules/webservices-osgi.jar" />
    <property name="sun.boot.library.path" value="/sw/jdk7/jre/lib/amd64" />
    <property name="have.sources" value="true" />
    <property name="debug.classpath" value="build/web/WEB-INF/classes:../lib/derby.jar:../lib/eclipselink-2.3.0.jar:../lib/jackson-annotations-2.2.2.jar:../lib/jackson-core-2.2.2.jar:../lib/jackson-databind-2.2.1.jar:../lib/javax.persistence-2.0.jar:../lib/junit-4.10.jar:../lib/jersey/asm-3.1.jar:../lib/jersey/jackson-core-asl-1.7.1.jar:../lib/jersey/jackson-jaxrs-1.7.1.jar:../lib/jersey/jackson-mapper-asl-1.7.1.jar:../lib/jersey/jackson-xc-1.7.1.jar:../lib/jersey/jersey-apache-client-1.8.jar:../lib/jersey/jersey-atom-abdera-1.8.jar:../lib/jersey/jersey-client-1.8.jar:../lib/jersey/jersey-core-1.8.jar:../lib/jersey/jersey-guice-1.8.jar:../lib/jersey/jersey-json-1.8.jar:../lib/jersey/jersey-multipart-1.8.jar:../lib/jersey/jersey-server-1.8.jar:../lib/jersey/jersey-simple-server-1.8.jar:../lib/jersey/jersey-spring-1.8.jar:../lib/jersey/jettison-1.1.jar:../lib/jersey/jsr311-api-1.1.1.jar:../lib/jersey/oauth-client-1.8.jar:../lib/jersey/oauth-server-1.8.jar:../lib/jersey/oauth-signature-1.8.jar:../account-data-api/dist/account-data-api.jar:../account-data-impl-db/dist/account-data-impl-db.jar:../account-logic-api/dist/account-logic-api.jar:../account-logic-impl/dist/account-logic-impl.jar:../account-util/dist/account-util.jar:../lib/org.eclipse.persistence.jpa.jpql_1.0.0.jar:../lib/jaxb/activation.jar:../lib/jaxb/jaxb-api.jar:../lib/jaxb/jsr173_api.jar:../lib/genson-1.3.jar" />
    <property name="war.name" value="account-rest.war" />
    <property name="javadoc.private" value="false" />
    <property name="test.src.dir" value="test" />
    <property name="file.reference.jackson-jaxrs-1.7.1.jar" value="../lib/jersey/jackson-jaxrs-1.7.1.jar" />
    <property name="libs.jsf20.classpath" value="/home/TDP024/netbeans-8.0.1/enterprise/modules/ext/jsf-2_2/javax.faces.jar" />
    <property name="ap.processors.internal" value="" />
    <property name="javadoc.encoding.used" value="UTF-8" />
    <property name="libs.spring-framework400.maven-pom" value="" />
    <property name="java.runtime.name" value="Java(TM) SE Runtime Environment" />
    <property name="file.reference.jackson-core-2.2.2.jar" value="../lib/jackson-core-2.2.2.jar" />
    <property name="ant.project.name" value="account-rest" />
    <property name="netbeans.hash.code" value="unique=NB_EXTIDE_GFMOD_JAVA_WEBCOMMON_WEBEE017e3d7c7-e9fe-4cbb-a2c3-bf414187d844_599faa66-68cf-40ed-bcf9-6152b9f7be9b" />
    <property name="file.reference.javax.persistence-2.0.jar" value="../lib/javax.persistence-2.0.jar" />
    <property name="netbeans.default_userdir_root" value="/home/marsj725/.netbeans" />
    <property name="libs.jsp-compilation-syscp.maven-pom" value="" />
    <property name="sun.cpu.isalist" value="" />
    <property name="libs.spring-framework400.javadoc" value="" />
    <property name="libs.CopyLibs.javadoc" value="" />
    <property name="j2ee.server.domain" value="/home/marsj725/personal_domain" />
    <property name="org.openide.specification.version" value="6.2" />
    <property name="ant.file.account-rest-impl" value="/home/marsj725/TDP024/EnterpriseSystems/account-rest/nbproject/build-impl.xml" />
    <property name="j2ee.server.home" value="/home/TDP024/glassfish-3.1.1/glassfish" />
    <property name="file.reference.jersey-spring-1.8.jar" value="../lib/jersey/jersey-spring-1.8.jar" />
    <property name="user.home" value="/home/marsj725" />
    <property name="annotation.processing.processors.list" value="" />
    <property name="debug-args-line" value="-Xdebug" />
    <property name="project.account-logic-impl" value="../account-logic-impl" />
    <property name="auxiliary.org-netbeans-modules-web-clientproject-api.js_2e_libs_2e_folder" value="js/libs" />
    <property name="libs.primefaces.maven-pom" value="" />
    <property name="libs.javaee-api-6.0.maven-pom" value="" />
    <property name="libs.JWSAntTasks.src" value="" />
    <property name="libs.CopyLibs.maven-pom" value="" />
    <property name="libs.absolutelayout.javadoc" value="" />
    <property name="libs.spring-framework300.javadoc" value="" />
    <property name="java.specification.name" value="Java Platform API Specification" />
    <property name="nu.validator.spec.microsyntax-descriptions" value="jar:file:/home/TDP024/netbeans-8.0.1/ide/modules/ext/validator.jar!/nu/validator/localentities/files/wiki_whatwg_org_wiki_MicrosyntaxDescriptions" />
    <property name="file.reference.jettison-1.1.jar" value="../lib/jersey/jettison-1.1.jar" />
    <property name="no.dist.ear.dir" value="true" />
    <property name="auxiliary.org-netbeans-modules-css-prep.sass_2e_compiler_2e_options" value="" />
    <property name="java.specification.vendor" value="Oracle Corporation" />
    <property name="libs.javac-api.classpath" value="/home/TDP024/netbeans-8.0.1/java/modules/ext/nb-javac-api.jar" />
    <property name="java.version" value="1.7.0_75" />
    <property name="run.jvmargs.ide" value="" />
    <property name="javadoc.version" value="false" />
    <property name="libs.MySQLDriver.javadoc" value="" />
    <property name="org.openide.version" value="deprecated" />
    <property name="source.encoding" value="UTF-8" />
    <property name="ap.cmd.line.internal" value="" />
    <property name="file.reference.eclipselink-2.3.0.jar" value="../lib/eclipselink-2.3.0.jar" />
    <property name="libs.eclipselinkmodelgen.maven-pom" value="" />
    <property name="libs.jsp-compilation-syscp.javadoc" value="" />
    <property name="libs.junit.maven-pom" value="" />
    <property name="libs.javaee-endorsed-api-7.0.classpath" value="/home/TDP024/netbeans-8.0.1/enterprise/modules/ext/javaee7-endorsed/javax.annotation-api.jar:/home/TDP024/netbeans-8.0.1/enterprise/modules/ext/javaee7-endorsed/javax.xml.soap-api.jar:/home/TDP024/netbeans-8.0.1/enterprise/modules/ext/javaee7-endorsed/jaxb-api-osgi.jar:/home/TDP024/netbeans-8.0.1/enterprise/modules/ext/javaee7-endorsed/jaxws-api.jar:/home/TDP024/netbeans-8.0.1/enterprise/modules/ext/javaee7-endorsed/jsr181-api.jar" />
    <property name="libs.eclipselinkmodelgen.javadoc" value="" />
    <property name="libs.metro.javadoc" value="/home/TDP024/netbeans-8.0.1/enterprise/docs/metro-1.4-doc.zip" />
    <property name="libs.struts.maven-pom" value="" />
    <property name="netbeans.home+have.tests" value="true" />
    <property name="libs.testng.maven-pom" value="" />
    <property name="libs.jaxb.src" value="" />
    <property name="libs.jaxb.classpath" value="/home/TDP024/netbeans-8.0.1/ide/modules/ext/jaxb/jaxb-impl.jar:/home/TDP024/netbeans-8.0.1/ide/modules/ext/jaxb/jaxb-xjc.jar:/home/TDP024/netbeans-8.0.1/ide/modules/ext/jaxb/jaxb1-impl.jar:/home/TDP024/netbeans-8.0.1/ide/modules/ext/jaxb/activation.jar:/home/TDP024/netbeans-8.0.1/ide/modules/ext/jaxb/api/jaxb-api.jar:/home/TDP024/netbeans-8.0.1/ide/modules/ext/jaxb/api/jsr173_1.0_api.jar" />
    <property name="file.reference.jsr311-api-1.1.1.jar" value="../lib/jersey/jsr311-api-1.1.1.jar" />
    <property name="dist.javadoc.dir" value="dist/javadoc" />
    <property name="libs.swing-layout.classpath" value="/home/TDP024/netbeans-8.0.1/platform/modules/ext/swing-layout-1.0.4.jar" />
    <property name="libs.spring-webmvc3.0.classpath" value="/home/TDP024/netbeans-8.0.1/java/modules/ext/spring-3.0/spring-webmvc-3.2.7.RELEASE.jar" />
    <property name="jspc.dtds" value="/resources/dtds/" />
    <property name="libs.javaee-web-api-7.0.maven-pom" value="" />
    <property name="libs.restlib.src" value="" />
    <property name="build.generated.dir" value="build/generated" />
    <property name="javac.source" value="1.6" />
    <property name="line.separator" value="
" />
    <property name="java.specification.version" value="1.7" />
    <property name="java.vm.info" value="mixed mode" />
    <property name="libs.jaxws21.maven-pom" value="" />
    <property name="nb.junit.batch" value="true" />
    <property name="auxiliary.org-netbeans-modules-css-prep.sass_2e_enabled" value="false" />
    <property name="file.reference.jersey-apache-client-1.8.jar" value="../lib/jersey/jersey-apache-client-1.8.jar" />
    <property name="reference.account-data-impl-db.jar" value="../account-data-impl-db/dist/account-data-impl-db.jar" />
    <property name="sun.boot.class.path" value="/home/TDP024/netbeans-8.0.1/enterprise/modules/ext/javaee6-endorsed/javax.annotation.jar:/home/TDP024/netbeans-8.0.1/enterprise/modules/ext/javaee6-endorsed/jaxb-api-osgi.jar:/home/TDP024/netbeans-8.0.1/enterprise/modules/ext/javaee6-endorsed/webservices-api-osgi.jar:/sw/jdk7/jre/lib/resources.jar:/sw/jdk7/jre/lib/rt.jar:/sw/jdk7/jre/lib/sunrsasign.jar:/sw/jdk7/jre/lib/jsse.jar:/sw/jdk7/jre/lib/jce.jar:/sw/jdk7/jre/lib/charsets.jar:/sw/jdk7/jre/lib/jfr.jar:/sw/jdk7/jre/classes" />
    <property name="javac.target" value="1.6" />
    <property name="build.test.classes.dir" value="build/test/classes" />
    <property name="src.dir" value="src/java" />
    <property name="libs.jpa2-persistence.src" value="" />
    <property name="annotation.processing.enabled" value="true" />
    <property name="libs.jsf20.src" value="" />
    <property name="libs.jpa20-persistence.src" value="" />
    <property name="libs.jsf12.src" value="" />
    <property name="j2ee.platform" value="1.6-web" />
    <property name="project.account-data-impl-db" value="../account-data-impl-db" />
    <property name="ant.file.account-rest-rest-build" value="/home/marsj725/TDP024/EnterpriseSystems/account-rest/nbproject/rest-build.xml" />
    <property name="libs.JAVADB_DRIVER_LABEL.maven-pom" value="" />
    <property name="libs.struts.javadoc" value="/home/TDP024/netbeans-8.0.1/enterprise/docs/struts-1.3.10-javadoc.zip" />
    <property name="rest.config.type" value="ide" />
    <property name="ignore.failing.tests" value="true" />
    <property name="libs.Comet-GlassFish-v3.classpath" value="/home/TDP024/glassfish-3.1.1/glassfish/modules/grizzly-comet.jar" />
    <property name="web.docbase.dir" value="web" />
    <property name="libs.javaee-web-api-7.0.src" value="" />
    <property name="libs.primefaces.src" value="" />
    <property name="dist.dir" value="dist" />
    <property name="testng.debug.mode" value="" />
    <property name="file.reference.jersey-json-1.8.jar" value="../lib/jersey/jersey-json-1.8.jar" />
    <property name="javac.fork" value="false" />
    <property name="java.awt.printerjob" value="sun.print.PSPrinterJob" />
    <property name="default.javac.source" value="1.7" />
    <property name="debug-transport-by-os" value="dt_socket" />
    <property name="ant.file.account-rest" value="/home/marsj725/TDP024/EnterpriseSystems/account-rest/build.xml" />
    <property name="file.reference.jackson-mapper-asl-1.7.1.jar" value="../lib/jersey/jackson-mapper-asl-1.7.1.jar" />
    <property name="libs.MySQLDriver.src" value="" />
    <property name="sun.jnu.encoding" value="UTF-8" />
    <property name="file.reference.activation.jar" value="../lib/jaxb/activation.jar" />
    <property name="file.reference.jackson-xc-1.7.1.jar" value="../lib/jersey/jackson-xc-1.7.1.jar" />
    <property name="auxiliary.org-netbeans-modules-css-prep.less_2e_mappings" value="/less:/css" />
    <property name="build.test.results.dir" value="build/test/results" />
    <property name="java.runtime.version" value="1.7.0_75-b13" />
    <property name="file.reference.jackson-annotations-2.2.2.jar" value="../lib/jackson-annotations-2.2.2.jar" />
    <property name="jna.platform.library.path" value="/usr/lib/x86_64-linux-gnu:/lib/x86_64-linux-gnu:/lib64:/usr/lib:/lib" />
    <property name="do.tmp.war.package.with.custom.manifest" value="true" />
    <property name="project.account-util" value="../account-util" />
    <property name="default.javac.target" value="1.7" />
    <property name="libs.junit_4.classpath" value="/home/TDP024/netbeans-8.0.1/platform/modules/ext/junit-4.10.jar" />
    <property name="user.timezone" value="" />
    <property name="file.reference.jersey-client-1.8.jar" value="../lib/jersey/jersey-client-1.8.jar" />
    <property name="nb.junit.single" value="false" />
    <property name="project.account-data-api" value="../account-data-api" />
    <property name="libs.JAVADB_DRIVER_LABEL.javadoc" value="" />
    <property name="libs.javaee-endorsed-api-6.0.maven-pom" value="" />
    <property name="netbeans.dirs" value="/home/TDP024/netbeans-8.0.1/nb:/home/TDP024/netbeans-8.0.1/ergonomics:/home/TDP024/netbeans-8.0.1/ide:/home/TDP024/netbeans-8.0.1/extide:/home/TDP024/netbeans-8.0.1/java:/home/TDP024/netbeans-8.0.1/apisupport:/home/TDP024/netbeans-8.0.1/webcommon:/home/TDP024/netbeans-8.0.1/websvccommon:/home/TDP024/netbeans-8.0.1/enterprise:/home/TDP024/netbeans-8.0.1/mobility:/home/TDP024/netbeans-8.0.1/profiler:/home/TDP024/netbeans-8.0.1/python:/home/TDP024/netbeans-8.0.1/php:/home/TDP024/netbeans-8.0.1/identity:/home/TDP024/netbeans-8.0.1/harness:/home/TDP024/netbeans-8.0.1/cnd:/home/TDP024/netbeans-8.0.1/dlight:/home/TDP024/netbeans-8.0.1/groovy:/home/TDP024/netbeans-8.0.1/extra:/home/TDP024/netbeans-8.0.1/javacard:/home/TDP024/netbeans-8.0.1/javafx:" />
    <property name="libs.jsf20.javadoc" value="/home/TDP024/netbeans-8.0.1/enterprise/docs/javaee-doc-api.jar" />
    <property name="libs.jstl.javadoc" value="/home/TDP024/netbeans-8.0.1/enterprise/docs/javaee-doc-api.jar" />
    <property name="java.ext.dirs" value="/sw/jdk7/jre/lib/ext:/usr/java/packages/lib/ext" />
    <property name="libs.metro.src" value="" />
    <property name="endorsed.classpath" value="/home/TDP024/netbeans-8.0.1/enterprise/modules/ext/javaee6-endorsed/javax.annotation.jar:/home/TDP024/netbeans-8.0.1/enterprise/modules/ext/javaee6-endorsed/jaxb-api-osgi.jar:/home/TDP024/netbeans-8.0.1/enterprise/modules/ext/javaee6-endorsed/webservices-api-osgi.jar" />
    <property name="libs.absolutelayout.classpath" value="/home/TDP024/netbeans-8.0.1/java/modules/ext/AbsoluteLayout.jar" />
    <property name="excludes" value="" />
    <property name="libs.metro.classpath" value="/home/TDP024/netbeans-8.0.1/ide/modules/ext/jaxb/activation.jar:/home/TDP024/netbeans-8.0.1/enterprise/modules/ext/metro/webservices-api.jar:/home/TDP024/netbeans-8.0.1/enterprise/modules/ext/metro/webservices-extra-api.jar:/home/TDP024/netbeans-8.0.1/enterprise/modules/ext/metro/webservices-extra.jar:/home/TDP024/netbeans-8.0.1/enterprise/modules/ext/metro/webservices-rt.jar:/home/TDP024/netbeans-8.0.1/enterprise/modules/ext/metro/webservices-tools.jar" />
    <property name="libs.restlib.maven-pom" value="" />
    <property name="libs.jpa2-persistence.javadoc" value="/home/TDP024/netbeans-8.0.1/java/modules/ext/docs/javax.persistence-2.1.0-doc.zip" />
    <property name="apple.laf.useScreenMenuBar" value="true" />
    <property name="java.class.path" value="/home/marsj725/TDP024/EnterpriseSystems/lib/derby.jar:/home/marsj725/TDP024/EnterpriseSystems/lib/eclipselink-2.3.0.jar:/home/marsj725/TDP024/EnterpriseSystems/lib/jackson-annotations-2.2.2.jar:/home/marsj725/TDP024/EnterpriseSystems/lib/jackson-core-2.2.2.jar:/home/marsj725/TDP024/EnterpriseSystems/lib/jackson-databind-2.2.1.jar:/home/marsj725/TDP024/EnterpriseSystems/lib/javax.persistence-2.0.jar:/home/marsj725/TDP024/EnterpriseSystems/lib/junit-4.10.jar:/home/marsj725/TDP024/EnterpriseSystems/lib/jersey/asm-3.1.jar:/home/marsj725/TDP024/EnterpriseSystems/lib/jersey/jackson-core-asl-1.7.1.jar:/home/marsj725/TDP024/EnterpriseSystems/lib/jersey/jackson-jaxrs-1.7.1.jar:/home/marsj725/TDP024/EnterpriseSystems/lib/jersey/jackson-mapper-asl-1.7.1.jar:/home/marsj725/TDP024/EnterpriseSystems/lib/jersey/jackson-xc-1.7.1.jar:/home/marsj725/TDP024/EnterpriseSystems/lib/jersey/jersey-apache-client-1.8.jar:/home/marsj725/TDP024/EnterpriseSystems/lib/jersey/jersey-atom-abdera-1.8.jar:/home/marsj725/TDP024/EnterpriseSystems/lib/jersey/jersey-client-1.8.jar:/home/marsj725/TDP024/EnterpriseSystems/lib/jersey/jersey-core-1.8.jar:/home/marsj725/TDP024/EnterpriseSystems/lib/jersey/jersey-guice-1.8.jar:/home/marsj725/TDP024/EnterpriseSystems/lib/jersey/jersey-json-1.8.jar:/home/marsj725/TDP024/EnterpriseSystems/lib/jersey/jersey-multipart-1.8.jar:/home/marsj725/TDP024/EnterpriseSystems/lib/jersey/jersey-server-1.8.jar:/home/marsj725/TDP024/EnterpriseSystems/lib/jersey/jersey-simple-server-1.8.jar:/home/marsj725/TDP024/EnterpriseSystems/lib/jersey/jersey-spring-1.8.jar:/home/marsj725/TDP024/EnterpriseSystems/lib/jersey/jettison-1.1.jar:/home/marsj725/TDP024/EnterpriseSystems/lib/jersey/jsr311-api-1.1.1.jar:/home/marsj725/TDP024/EnterpriseSystems/lib/jersey/oauth-client-1.8.jar:/home/marsj725/TDP024/EnterpriseSystems/lib/jersey/oauth-server-1.8.jar:/home/marsj725/TDP024/EnterpriseSystems/lib/jersey/oauth-signature-1.8.jar:/home/marsj725/TDP024/EnterpriseSystems/account-data-api/dist/account-data-api.jar:/home/marsj725/TDP024/EnterpriseSystems/account-data-impl-db/dist/account-data-impl-db.jar:/home/marsj725/TDP024/EnterpriseSystems/account-logic-api/dist/account-logic-api.jar:/home/marsj725/TDP024/EnterpriseSystems/account-logic-impl/dist/account-logic-impl.jar:/home/marsj725/TDP024/EnterpriseSystems/account-util/dist/account-util.jar:/home/marsj725/TDP024/EnterpriseSystems/lib/org.eclipse.persistence.jpa.jpql_1.0.0.jar:/home/marsj725/TDP024/EnterpriseSystems/lib/jaxb/activation.jar:/home/marsj725/TDP024/EnterpriseSystems/lib/jaxb/jaxb-api.jar:/home/marsj725/TDP024/EnterpriseSystems/lib/jaxb/jsr173_api.jar:/home/marsj725/TDP024/EnterpriseSystems/lib/genson-1.3.jar:/home/marsj725/TDP024/EnterpriseSystems/account-rest/build/web/WEB-INF/classes:/home/marsj725/TDP024/EnterpriseSystems/account-rest/build/test/classes:/home/TDP024/glassfish-3.1.1/mq/lib/jaxm-api.jar:/home/TDP024/glassfish-3.1.1/glassfish/modules/endorsed/webservices-api-osgi.jar:/home/TDP024/glassfish-3.1.1/glassfish/modules/endorsed/javax.annotation.jar:/home/TDP024/glassfish-3.1.1/glassfish/modules/endorsed/jaxb-api-osgi.jar:/home/TDP024/glassfish-3.1.1/glassfish/modules/bean-validator.jar:/home/TDP024/glassfish-3.1.1/glassfish/modules/javax.enterprise.deploy.jar:/home/TDP024/glassfish-3.1.1/glassfish/modules/javax.ejb.jar:/home/TDP024/glassfish-3.1.1/glassfish/modules/javax.mail.jar:/home/TDP024/glassfish-3.1.1/glassfish/modules/javax.jms.jar:/home/TDP024/glassfish-3.1.1/glassfish/modules/javax.security.auth.message.jar:/home/TDP024/glassfish-3.1.1/glassfish/modules/javax.management.j2ee.jar:/home/TDP024/glassfish-3.1.1/glassfish/modules/javax.persistence.jar:/home/TDP024/glassfish-3.1.1/glassfish/modules/javax.resource.jar:/home/TDP024/glassfish-3.1.1/glassfish/modules/javax.servlet.jsp.jar:/home/TDP024/glassfish-3.1.1/glassfish/modules/javax.security.jacc.jar:/home/TDP024/glassfish-3.1.1/glassfish/modules/javax.servlet.jar:/home/TDP024/glassfish-3.1.1/glassfish/modules/javax.servlet.jsp.jstl.jar:/home/TDP024/glassfish-3.1.1/glassfish/modules/javax.transaction.jar:/home/TDP024/glassfish-3.1.1/glassfish/modules/jaxb-osgi.jar:/home/TDP024/glassfish-3.1.1/glassfish/modules/jersey-core.jar:/home/TDP024/glassfish-3.1.1/glassfish/modules/webservices-osgi.jar:/home/TDP024/glassfish-3.1.1/glassfish/modules/weld-osgi-bundle.jar:/home/TDP024/glassfish-3.1.1/glassfish/lib/embedded/glassfish-embedded-static-shell.jar:/home/TDP024/netbeans-8.0.1/extide/ant/lib/ant-launcher.jar:/home/TDP024/netbeans-8.0.1/extide/ant/lib/ant.jar:/home/TDP024/netbeans-8.0.1/extide/ant/lib/ant-junit.jar:/home/TDP024/netbeans-8.0.1/extide/ant/lib/ant-junit4.jar" />
    <property name="libs.absolutelayout.src" value="" />
    <property name="libs.jpa20-persistence.classpath" value="/home/TDP024/netbeans-8.0.1/java/modules/ext/eclipselink/javax.persistence_2.1.0.v201304241213.jar" />
    <property name="j2ee.server.type" value="gfv3ee6" />
    <property name="os.version" value="3.13.0-63-generic" />
    <property name="file.reference.org.eclipse.persistence.jpa.jpql_1.0.0.jar" value="../lib/org.eclipse.persistence.jpa.jpql_1.0.0.jar" />
    <property name="libs.EclipseLink-GlassFish-v3.javadoc" value="/home/TDP024/netbeans-8.0.1/enterprise/docs/javaee-doc-api.jar" />
    <property name="libs.javaee-api-7.0.maven-pom" value="" />
    <property name="sun.awt.enableExtraMouseButtons" value="true" />
    <property name="ant.file.type.account-rest-rest-build" value="file" />
    <property name="file.reference.jersey-multipart-1.8.jar" value="../lib/jersey/jersey-multipart-1.8.jar" />
    <property name="libs.hibernate4-persistence.src" value="" />
    <property name="libs.hibernate4-support.maven-pom" value="" />
    <property name="libs.Comet-GlassFish-v3.src" value="" />
    <property name="war.content.additional" value="" />
    <property name="libs.restlib.javadoc" value="" />
    <property name="libs.JAXB-ENDORSED.classpath" value="/home/TDP024/netbeans-8.0.1/ide/modules/ext/jaxb/api/jaxb-api.jar" />
    <property name="nb.internal.action.name" value="test" />
    <property name="j2ee.platform.embeddableejb.classpath" value="/home/TDP024/glassfish-3.1.1/glassfish/lib/embedded/glassfish-embedded-static-shell.jar" />
    <property name="forceRedeploy" value="false" />
    <property name="file.reference.oauth-client-1.8.jar" value="../lib/jersey/oauth-client-1.8.jar" />
    <property name="libs.javaee-api-7.0.javadoc" value="/home/TDP024/netbeans-8.0.1/enterprise/docs/javaee-doc-api.jar" />
    <property name="libs.eclipselink.classpath" value="/home/TDP024/netbeans-8.0.1/java/modules/ext/eclipselink/eclipselink.jar:/home/TDP024/netbeans-8.0.1/java/modules/ext/eclipselink/javax.persistence_2.1.0.v201304241213.jar:/home/TDP024/netbeans-8.0.1/java/modules/ext/eclipselink/org.eclipse.persistence.jpa.jpql_2.5.2.v20140319-9ad6abd.jar" />
    <property name="libs.beans-binding.javadoc" value="/home/TDP024/netbeans-8.0.1/java/docs/beansbinding-1.2.1-doc.zip" />
    <property name="java.awt.graphicsenv" value="sun.awt.X11GraphicsEnvironment" />
    <property name="java.vm.vendor" value="Oracle Corporation" />
    <property name="libs.CopyLibs.classpath" value="/home/TDP024/netbeans-8.0.1/java/ant/extra/org-netbeans-modules-java-j2seproject-copylibstask.jar" />
    <property name="libs.spring-framework300.classpath" value="/home/TDP024/netbeans-8.0.1/ide/modules/org-apache-commons-logging.jar:/home/TDP024/netbeans-8.0.1/java/modules/ext/cglib-2.2.jar:/home/TDP024/netbeans-8.0.1/java/modules/ext/spring-3.0/spring-aop-3.2.7.RELEASE.jar:/home/TDP024/netbeans-8.0.1/java/modules/ext/spring-3.0/spring-aspects-3.2.7.RELEASE.jar:/home/TDP024/netbeans-8.0.1/java/modules/ext/spring-3.0/spring-beans-3.2.7.RELEASE.jar:/home/TDP024/netbeans-8.0.1/java/modules/ext/spring-3.0/spring-build-src-3.2.7.RELEASE.jar:/home/TDP024/netbeans-8.0.1/java/modules/ext/spring-3.0/spring-context-3.2.7.RELEASE.jar:/home/TDP024/netbeans-8.0.1/java/modules/ext/spring-3.0/spring-context-support-3.2.7.RELEASE.jar:/home/TDP024/netbeans-8.0.1/java/modules/ext/spring-3.0/spring-core-3.2.7.RELEASE.jar:/home/TDP024/netbeans-8.0.1/java/modules/ext/spring-3.0/spring-expression-3.2.7.RELEASE.jar:/home/TDP024/netbeans-8.0.1/java/modules/ext/spring-3.0/spring-framework-bom-3.2.7.RELEASE.jar:/home/TDP024/netbeans-8.0.1/java/modules/ext/spring-3.0/spring-instrument-3.2.7.RELEASE.jar:/home/TDP024/netbeans-8.0.1/java/modules/ext/spring-3.0/spring-instrument-tomcat-3.2.7.RELEASE.jar:/home/TDP024/netbeans-8.0.1/java/modules/ext/spring-3.0/spring-jdbc-3.2.7.RELEASE.jar:/home/TDP024/netbeans-8.0.1/java/modules/ext/spring-3.0/spring-jms-3.2.7.RELEASE.jar:/home/TDP024/netbeans-8.0.1/java/modules/ext/spring-3.0/spring-orm-3.2.7.RELEASE.jar:/home/TDP024/netbeans-8.0.1/java/modules/ext/spring-3.0/spring-oxm-3.2.7.RELEASE.jar:/home/TDP024/netbeans-8.0.1/java/modules/ext/spring-3.0/spring-struts-3.2.7.RELEASE.jar:/home/TDP024/netbeans-8.0.1/java/modules/ext/spring-3.0/spring-test-3.2.7.RELEASE.jar:/home/TDP024/netbeans-8.0.1/java/modules/ext/spring-3.0/spring-tx-3.2.7.RELEASE.jar:/home/TDP024/netbeans-8.0.1/java/modules/ext/spring-3.0/spring-web-3.2.7.RELEASE.jar:/home/TDP024/netbeans-8.0.1/java/modules/ext/spring-3.0/spring-webmvc-3.2.7.RELEASE.jar:/home/TDP024/netbeans-8.0.1/java/modules/ext/spring-3.0/spring-webmvc-portlet-3.2.7.RELEASE.jar" />
    <property name="libs.jsp-compiler.maven-pom" value="" />
    <property name="file.reference.jersey-server-1.8.jar" value="../lib/jersey/jersey-server-1.8.jar" />
    <property name="reference.account-util.jar" value="../account-util/dist/account-util.jar" />
    <property name="libs.hibernate4-persistence.classpath" value="/home/TDP024/netbeans-8.0.1/java/modules/ext/hibernate4/antlr-2.7.7.jar:/home/TDP024/netbeans-8.0.1/java/modules/ext/hibernate4/c3p0-0.9.2.1.jar:/home/TDP024/netbeans-8.0.1/java/modules/ext/hibernate4/hibernate-c3p0-4.3.1.Final.jar:/home/TDP024/netbeans-8.0.1/java/modules/ext/hibernate4/mchange-commons-java-0.2.3.4.jar:/home/TDP024/netbeans-8.0.1/java/modules/ext/hibernate4/dom4j-1.6.1.jar:/home/TDP024/netbeans-8.0.1/java/modules/ext/hibernate4/ehcache-core-2.4.3.jar:/home/TDP024/netbeans-8.0.1/java/modules/ext/hibernate4/hibernate-ehcache-4.3.1.Final.jar:/home/TDP024/netbeans-8.0.1/java/modules/ext/hibernate4/hibernate-core-4.3.1.Final.jar:/home/TDP024/netbeans-8.0.1/java/modules/ext/hibernate4/jboss-logging-3.1.3.GA.jar:/home/TDP024/netbeans-8.0.1/java/modules/ext/hibernate4/hibernate-commons-annotations-4.0.4.Final.jar:/home/TDP024/netbeans-8.0.1/java/modules/ext/hibernate4/hibernate-entitymanager-4.3.1.Final.jar:/home/TDP024/netbeans-8.0.1/java/modules/ext/hibernate4/javassist-3.18.1-GA.jar:/home/TDP024/netbeans-8.0.1/java/modules/ext/hibernate4/jboss-transaction-api_1.2_spec-1.0.0.Final.jar:/home/TDP024/netbeans-8.0.1/java/modules/ext/hibernate4/slf4j-api-1.6.1.jar:/home/TDP024/netbeans-8.0.1/java/modules/ext/hibernate4/slf4j-simple-1.6.1.jar:/home/TDP024/netbeans-8.0.1/java/modules/ext/hibernate4/hibernate-jpa-2.1-api-1.0.0.Final.jar" />
    <property name="libs.JAXB-ENDORSED.src" value="" />
    <property name="libs.testng.javadoc" value="/home/TDP024/netbeans-8.0.1/platform/docs/testng-6.8.1-javadoc.zip" />
    <property name="libs.PostgreSQLDriver.classpath" value="/home/TDP024/netbeans-8.0.1/ide/modules/ext/postgresql-9.2-1002.jdbc4.jar" />
    <property name="libs.jsf12.maven-pom" value="" />
    <property name="file.reference.jackson-databind-2.2.1.jar" value="../lib/jackson-databind-2.2.1.jar" />
    <property name="libs.hibernate4-persistencemodelgen.classpath" value="/home/TDP024/netbeans-8.0.1/java/modules/ext/hibernate4/hibernate-jpamodelgen-4.3.1.Final.jar" />
    <property name="libs.junit.src" value="" />
    <property name="annotation.processing.source.output" value="build/generated-sources/ap-source-output" />
    <property name="libs.CopyLibs.src" value="" />
    <property name="build.dir" value="build" />
    <property name="libs.jsp-compilation.classpath" value="/home/TDP024/netbeans-8.0.1/extide/ant/lib/ant.jar:/home/TDP024/netbeans-8.0.1/enterprise/modules/ext/servlet3.1-jsp2.3-api.jar:/home/TDP024/netbeans-8.0.1/enterprise/modules/ext/glassfish-jspparser-4.0.jar:/home/TDP024/netbeans-8.0.1/enterprise/modules/ext/jsf-2_2/javax.faces.jar:/home/TDP024/netbeans-8.0.1/enterprise/modules/ext/jstl-api.jar:/home/TDP024/netbeans-8.0.1/extide/ant/lib/ant-launcher.jar" />
    <property name="ant.version" value="Apache Ant(TM) version 1.9.4 compiled on April 29 2014" />
    <property name="selected.browser" value="default" />
    <property name="j2ee.platform.is.jsr109" value="true" />
    <property name="file.reference.derby.jar" value="../lib/derby.jar" />
    <property name="file.encoding" value="UTF-8" />
    <property name="build.classes.excludes" value="**/*.java,**/*.form" />
    <property name="jdkBug6558476" value="false" />
    <property name="auxiliary.org-netbeans-modules-css-prep.less_2e_compiler_2e_options" value="" />
    <property name="javadoc.nonavbar" value="false" />
    <property name="libs.spring-webmvc4.0.classpath" value="/home/TDP024/netbeans-8.0.1/java/modules/ext/spring-4/spring-webmvc-4.0.1.RELEASE.jar" />
    <property name="platform.active" value="default_platform" />
    <property name="awt.toolkit" value="sun.awt.X11.XToolkit" />
    <property name="war.ear.name" value="account-rest.war" />
    <property name="libs.javaee-web-api-7.0.javadoc" value="/home/TDP024/netbeans-8.0.1/enterprise/docs/javaee-doc-api.jar" />
  </properties>
  <testcase classname="tdp024.account.rest.service.AccountServiceTest" name="testCreate" time="0.001" />
  <system-out><![CDATA[]]></system-out>
  <system-err><![CDATA[]]></system-err>
</testsuite>
